0 silly argv {
0 silly argv   _: [ 'run' ],
0 silly argv   stream: true,
0 silly argv   lernaVersion: '6.4.1',
0 silly argv   '$0': 'node_modules\\lerna\\cli.js',
0 silly argv   script: 'test'
0 silly argv }
1 notice cli v6.4.1
2 verbose rootPath C:\Users\jokub\OneDrive\Documents\Playground\jacob-designs
3 error JSONError: Unexpected token "/" (0x2F) in JSON at position 205 while parsing near "...on development\"\n    // \"test\": \"ng test\"..." in packages\jkd-angular-components\package.json
3 error
3 error [0m [90m  7 |[39m     [32m"build"[39m[33m:[39m [32m"ng build"[39m[33m,[39m[0m
3 error [0m [90m  8 |[39m     [32m"watch"[39m[33m:[39m [32m"ng build --watch --configuration development"[39m[0m
3 error [0m[31m[1m>[22m[39m[90m  9 |[39m     [90m// "test": "ng test"[39m[0m
3 error [0m [90m    |[39m     [31m[1m^[22m[39m[0m
3 error [0m [90m 10 |[39m   }[33m,[39m[0m
3 error [0m [90m 11 |[39m   [32m"private"[39m[33m:[39m [36mtrue[39m[33m,[39m[0m
3 error [0m [90m 12 |[39m   [32m"dependencies"[39m[33m:[39m {[0m
3 error
3 error     at parseJson (C:\Users\jokub\OneDrive\Documents\Playground\jacob-designs\node_modules\parse-json\index.js:29:21)
3 error     at parse (C:\Users\jokub\OneDrive\Documents\Playground\jacob-designs\node_modules\load-json-file\index.js:15:9)
3 error     at module.exports (C:\Users\jokub\OneDrive\Documents\Playground\jacob-designs\node_modules\load-json-file\index.js:18:47)
